2017/09/16 14:55:01 [main] [INFO] Loaded definitions
2017/09/16 14:55:01 [main] [INFO] Loaded configuration
2017/09/16 14:55:01 [supervisor] [INFO] Starting threads
2017/09/16 14:55:01 [webpanel] [INFO] starting web server
2017/09/16 14:55:01 [UDPSerialThread_TTL-2] [INFO] Starting thread
2017/09/16 14:55:01 [UDPSerialThread_TTL-1] [INFO] Starting thread
2017/09/16 14:55:01 [UDPSerialThread_TTL-2] [ERROR] open /dev/ttyUSB1: no such file or directory
2017/09/16 14:55:01 [UDPSerialThread_TTL-2] [INFO] Starting thread
2017/09/16 14:55:01 [UDPSerialThread_TTL-2] [ERROR] open /dev/ttyUSB1: no such file or directory
2017/09/16 14:55:01 [UDPSerialThread_TTL-1] [INFO] Opened /dev/ttyUSB0
2017/09/16 14:55:01 [UDPSerialThread_TTL-1] [INFO] Listening on :5000
2017/09/16 14:55:01 [UDPSerialThread_TTL-1] [INFO] Sending to 192.168.1.17:5000
2017/09/16 14:55:02 [UDPSerialThread_TTL-2] [INFO] Starting thread
2017/09/16 14:55:02 [UDPSerialThread_TTL-2] [ERROR] open /dev/ttyUSB1: no such file or directory
2017/09/16 14:55:03 [UDPSerialThread_TTL-2] [INFO] Starting thread
2017/09/16 14:55:03 [UDPSerialThread_TTL-2] [ERROR] open /dev/ttyUSB1: no such file or directory
2017/09/16 14:55:04 [supervisor] [INFO] Thread restart requested
2017/09/16 14:55:04 [UDPSerialThread_TTL-1] [INFO] Thread received kill signal
2017/09/16 14:55:04 [UDPSerialThread_TTL-1] [WARNING] read udp [::]:5000: use of closed network connection
2017/09/16 14:55:04 [UDPSerialThread_TTL-1] [INFO] udp2serial subthread stopped
2017/09/16 14:55:04 [UDPSerialThread_TTL-1] [INFO] udpqueue2udp subthread stopped
2017/09/16 14:55:04 [UDPSerialThread_TTL-1] [INFO] serial2udpqueue subthread stopped
2017/09/16 14:55:04 [UDPSerialThread_TTL-1] [WARNING] Thread reached end
2017/09/16 14:55:05 [supervisor] [INFO] Thread restart requested
2017/09/16 14:55:05 [supervisor] [INFO] Already restarting threads
2017/09/16 14:55:05 [supervisor] [INFO] Restarting threads
2017/09/16 14:55:06 [supervisor] [INFO] All threads stopped
2017/09/16 14:55:06 [supervisor] [INFO] Restarting threads
2017/09/16 14:55:10 [UDPSerialThread_TTL-2] [INFO] Starting thread
2017/09/16 14:55:10 [UDPSerialThread_TTL-1] [INFO] Starting thread
2017/09/16 14:55:10 [UDPSerialThread_TTL-2] [ERROR] open /dev/ttyUSB1: no such file or directory
2017/09/16 14:55:10 [UDPSerialThread_TTL-2] [INFO] Starting thread
2017/09/16 14:55:10 [UDPSerialThread_TTL-2] [ERROR] open /dev/ttyUSB1: no such file or directory
2017/09/16 14:55:10 [UDPSerialThread_TTL-1] [INFO] Opened /dev/ttyUSB0
2017/09/16 14:55:10 [UDPSerialThread_TTL-1] [INFO] Listening on :5000
2017/09/16 14:55:10 [UDPSerialThread_TTL-1] [INFO] Sending to 192.168.1.17:5000
2017/09/16 14:55:11 [UDPSerialThread_TTL-2] [INFO] Starting thread
2017/09/16 14:55:11 [UDPSerialThread_TTL-1] [INFO] Starting thread
2017/09/16 14:55:11 [UDPSerialThread_TTL-2] [ERROR] open /dev/ttyUSB1: no such file or directory
2017/09/16 14:55:11 [UDPSerialThread_TTL-1] [INFO] Opened /dev/ttyUSB0
2017/09/16 14:55:11 [UDPSerialThread_TTL-1] [ERROR] listen udp :5000: bind: address already in use
2017/09/16 14:55:11 [UDPSerialThread_TTL-2] [INFO] Starting thread
2017/09/16 14:55:11 [UDPSerialThread_TTL-2] [ERROR] open /dev/ttyUSB1: no such file or directory
2017/09/16 14:55:12 [UDPSerialThread_TTL-2] [INFO] Starting thread
2017/09/16 14:55:12 [UDPSerialThread_TTL-2] [ERROR] open /dev/ttyUSB1: no such file or directory
2017/09/16 14:55:41 [main] [INFO] Loaded definitions
2017/09/16 14:55:41 [main] [INFO] Loaded configuration
2017/09/16 14:55:41 [webpanel] [INFO] starting web server
2017/09/16 14:55:41 [supervisor] [INFO] Starting threads
2017/09/16 14:55:41 [UDPSerialThread_TTL-2] [INFO] Starting thread
2017/09/16 14:55:41 [UDPSerialThread_TTL-1] [INFO] Starting thread
2017/09/16 14:55:41 [UDPSerialThread_TTL-2] [ERROR] open /dev/ttyUSB1: no such file or directory
2017/09/16 14:55:41 [UDPSerialThread_TTL-2] [INFO] Starting thread
2017/09/16 14:55:41 [UDPSerialThread_TTL-2] [ERROR] open /dev/ttyUSB1: no such file or directory
2017/09/16 14:55:41 [UDPSerialThread_TTL-1] [INFO] Opened /dev/ttyUSB0
2017/09/16 14:55:41 [UDPSerialThread_TTL-1] [INFO] Listening on :5000
2017/09/16 14:55:41 [UDPSerialThread_TTL-1] [INFO] Sending to 192.168.1.17:5000
2017/09/16 14:55:42 [UDPSerialThread_TTL-2] [INFO] Starting thread
2017/09/16 14:55:42 [UDPSerialThread_TTL-2] [ERROR] open /dev/ttyUSB1: no such file or directory
2017/09/16 14:55:43 [UDPSerialThread_TTL-2] [INFO] Starting thread
2017/09/16 14:55:43 [UDPSerialThread_TTL-2] [ERROR] open /dev/ttyUSB1: no such file or directory
2017/09/16 14:55:44 [supervisor] [INFO] Thread restart requested
2017/09/16 14:55:44 [UDPSerialThread_TTL-1] [INFO] Thread received kill signal
2017/09/16 14:55:44 [UDPSerialThread_TTL-1] [WARNING] read udp [::]:5000: use of closed network connection
2017/09/16 14:55:44 [UDPSerialThread_TTL-1] [INFO] udp2serial subthread stopped
2017/09/16 14:55:44 [UDPSerialThread_TTL-1] [INFO] udpqueue2udp subthread stopped
2017/09/16 14:55:44 [UDPSerialThread_TTL-1] [INFO] serial2udpqueue subthread stopped
2017/09/16 14:55:44 [UDPSerialThread_TTL-1] [WARNING] Thread reached end
2017/09/16 14:55:45 [supervisor] [INFO] All threads stopped
2017/09/16 14:55:45 [supervisor] [INFO] Restarting threads
2017/09/16 14:55:50 [UDPSerialThread_TTL-2] [INFO] Starting thread
2017/09/16 14:55:50 [UDPSerialThread_TTL-1] [INFO] Starting thread
2017/09/16 14:55:50 [UDPSerialThread_TTL-2] [ERROR] open /dev/ttyUSB1: no such file or directory
2017/09/16 14:55:50 [UDPSerialThread_TTL-2] [INFO] Starting thread
2017/09/16 14:55:50 [UDPSerialThread_TTL-2] [ERROR] open /dev/ttyUSB1: no such file or directory
2017/09/16 14:55:50 [UDPSerialThread_TTL-1] [INFO] Opened /dev/ttyUSB0
2017/09/16 14:55:50 [UDPSerialThread_TTL-1] [INFO] Listening on :5000
2017/09/16 14:55:50 [UDPSerialThread_TTL-1] [INFO] Sending to 192.168.1.17:5000
2017/09/16 14:55:51 [UDPSerialThread_TTL-2] [INFO] Starting thread
2017/09/16 14:55:51 [UDPSerialThread_TTL-2] [ERROR] open /dev/ttyUSB1: no such file or directory
2017/09/16 14:55:52 [UDPSerialThread_TTL-2] [INFO] Starting thread
2017/09/16 14:55:52 [UDPSerialThread_TTL-2] [ERROR] open /dev/ttyUSB1: no such file or directory
2017/09/16 14:55:53 [UDPSerialThread_TTL-2] [INFO] Starting thread
2017/09/16 14:55:53 [UDPSerialThread_TTL-2] [ERROR] open /dev/ttyUSB1: no such file or directory
2017/09/16 14:55:54 [UDPSerialThread_TTL-2] [INFO] Starting thread
2017/09/16 14:55:54 [UDPSerialThread_TTL-2] [ERROR] open /dev/ttyUSB1: no such file or directory
2017/09/16 14:55:55 [UDPSerialThread_TTL-2] [INFO] Starting thread
2017/09/16 14:55:55 [UDPSerialThread_TTL-2] [ERROR] open /dev/ttyUSB1: no such file or directory
2017/09/16 14:55:56 [UDPSerialThread_TTL-2] [INFO] Starting thread
2017/09/16 14:55:56 [UDPSerialThread_TTL-2] [ERROR] open /dev/ttyUSB1: no such file or directory
2017/09/16 14:55:57 [UDPSerialThread_TTL-2] [INFO] Starting thread
2017/09/16 14:55:57 [UDPSerialThread_TTL-2] [ERROR] open /dev/ttyUSB1: no such file or directory
2017/09/16 14:56:33 [main] [INFO] Loaded definitions
2017/09/16 14:56:33 [main] [INFO] Loaded configuration
2017/09/16 14:56:33 [webpanel] [INFO] starting web server
2017/09/16 14:56:33 [supervisor] [INFO] Starting threads
2017/09/16 14:56:33 [UDPSerialThread_TTL-2] [INFO] Starting thread
2017/09/16 14:56:33 [UDPSerialThread_TTL-1] [INFO] Starting thread
2017/09/16 14:56:33 [UDPSerialThread_TTL-2] [ERROR] open /dev/ttyUSB1: no such file or directory
2017/09/16 14:56:33 [UDPSerialThread_TTL-2] [INFO] Starting thread
2017/09/16 14:56:33 [UDPSerialThread_TTL-2] [ERROR] open /dev/ttyUSB1: no such file or directory
2017/09/16 14:56:33 [UDPSerialThread_TTL-1] [INFO] Opened /dev/ttyUSB0
2017/09/16 14:56:33 [UDPSerialThread_TTL-1] [INFO] Listening on :5000
2017/09/16 14:56:33 [UDPSerialThread_TTL-1] [INFO] Sending to 192.168.1.17:5000
2017/09/16 14:56:34 [UDPSerialThread_TTL-2] [INFO] Starting thread
2017/09/16 14:56:34 [UDPSerialThread_TTL-2] [ERROR] open /dev/ttyUSB1: no such file or directory
2017/09/16 14:56:35 [UDPSerialThread_TTL-2] [INFO] Starting thread
2017/09/16 14:56:35 [UDPSerialThread_TTL-2] [ERROR] open /dev/ttyUSB1: no such file or directory
2017/09/16 14:56:36 [supervisor] [INFO] Thread restart requested
2017/09/16 14:56:36 [UDPSerialThread_TTL-1] [INFO] Thread received kill signal
2017/09/16 14:56:36 [UDPSerialThread_TTL-1] [WARNING] read udp [::]:5000: use of closed network connection
2017/09/16 14:56:36 [UDPSerialThread_TTL-1] [INFO] udp2serial subthread stopped
2017/09/16 14:56:36 [UDPSerialThread_TTL-1] [INFO] udpqueue2udp subthread stopped
2017/09/16 14:56:37 [supervisor] [INFO] Thread restart requested
2017/09/16 14:56:37 [supervisor] [INFO] Already restarting threads
2017/09/16 14:56:37 [UDPSerialThread_TTL-1] [INFO] serial2udpqueue subthread stopped
2017/09/16 14:56:37 [UDPSerialThread_TTL-1] [WARNING] Thread reached end
2017/09/16 14:56:38 [supervisor] [INFO] All threads stopped
2017/09/16 14:56:38 [supervisor] [INFO] Restarting threads
2017/09/16 14:56:43 [UDPSerialThread_TTL-2] [INFO] Starting thread
2017/09/16 14:56:43 [UDPSerialThread_TTL-1] [INFO] Starting thread
2017/09/16 14:56:43 [UDPSerialThread_TTL-2] [ERROR] open /dev/ttyUSB1: no such file or directory
2017/09/16 14:56:43 [UDPSerialThread_TTL-2] [INFO] Starting thread
2017/09/16 14:56:43 [UDPSerialThread_TTL-2] [ERROR] open /dev/ttyUSB1: no such file or directory
2017/09/16 14:56:43 [UDPSerialThread_TTL-1] [INFO] Opened /dev/ttyUSB0
2017/09/16 14:56:43 [UDPSerialThread_TTL-1] [INFO] Listening on :5000
2017/09/16 14:56:43 [UDPSerialThread_TTL-1] [INFO] Sending to 192.168.1.17:5000
2017/09/16 14:56:44 [UDPSerialThread_TTL-2] [INFO] Starting thread
2017/09/16 14:56:44 [UDPSerialThread_TTL-2] [ERROR] open /dev/ttyUSB1: no such file or directory
2017/09/16 14:56:45 [UDPSerialThread_TTL-2] [INFO] Starting thread
2017/09/16 14:56:45 [UDPSerialThread_TTL-2] [ERROR] open /dev/ttyUSB1: no such file or directory
2017/09/16 14:56:46 [UDPSerialThread_TTL-2] [INFO] Starting thread
2017/09/16 14:56:46 [UDPSerialThread_TTL-2] [ERROR] open /dev/ttyUSB1: no such file or directory
2017/09/16 14:56:47 [UDPSerialThread_TTL-2] [INFO] Starting thread
2017/09/16 14:56:47 [UDPSerialThread_TTL-2] [ERROR] open /dev/ttyUSB1: no such file or directory
2017/09/16 14:56:48 [UDPSerialThread_TTL-2] [INFO] Starting thread
2017/09/16 14:56:48 [UDPSerialThread_TTL-2] [ERROR] open /dev/ttyUSB1: no such file or directory
2017/09/16 14:56:50 [main] [INFO] Loaded definitions
2017/09/16 14:56:50 [main] [INFO] Loaded configuration
2017/09/16 14:56:50 [webpanel] [INFO] starting web server
2017/09/16 14:56:50 [supervisor] [INFO] Starting threads
2017/09/16 14:56:50 [UDPSerialThread_TTL-2] [INFO] Starting thread
2017/09/16 14:56:50 [UDPSerialThread_TTL-1] [INFO] Starting thread
2017/09/16 14:56:50 [UDPSerialThread_TTL-2] [ERROR] open /dev/ttyUSB1: no such file or directory
2017/09/16 14:56:50 [UDPSerialThread_TTL-2] [INFO] Starting thread
2017/09/16 14:56:50 [UDPSerialThread_TTL-2] [ERROR] open /dev/ttyUSB1: no such file or directory
2017/09/16 14:56:50 [UDPSerialThread_TTL-1] [INFO] Opened /dev/ttyUSB0
2017/09/16 14:56:50 [UDPSerialThread_TTL-1] [INFO] Listening on :5000
2017/09/16 14:56:50 [UDPSerialThread_TTL-1] [INFO] Sending to 192.168.1.17:5000
2017/09/16 14:56:51 [UDPSerialThread_TTL-2] [INFO] Starting thread
2017/09/16 14:56:51 [UDPSerialThread_TTL-2] [ERROR] open /dev/ttyUSB1: no such file or directory
2017/09/16 14:56:52 [UDPSerialThread_TTL-2] [INFO] Starting thread
2017/09/16 14:56:52 [UDPSerialThread_TTL-2] [ERROR] open /dev/ttyUSB1: no such file or directory
2017/09/16 14:56:53 [supervisor] [INFO] Thread restart requested
2017/09/16 14:56:53 [UDPSerialThread_TTL-1] [INFO] Thread received kill signal
2017/09/16 14:56:53 [UDPSerialThread_TTL-1] [WARNING] read udp [::]:5000: use of closed network connection
2017/09/16 14:56:53 [UDPSerialThread_TTL-1] [INFO] udp2serial subthread stopped
2017/09/16 14:56:53 [UDPSerialThread_TTL-1] [INFO] udpqueue2udp subthread stopped
2017/09/16 14:56:53 [supervisor] [INFO] Thread restart requested
2017/09/16 14:56:53 [supervisor] [INFO] Already restarting threads
2017/09/16 14:56:53 [UDPSerialThread_TTL-1] [INFO] serial2udpqueue subthread stopped
2017/09/16 14:56:53 [UDPSerialThread_TTL-1] [WARNING] Thread reached end
2017/09/16 14:56:54 [supervisor] [INFO] All threads stopped
2017/09/16 14:56:54 [supervisor] [INFO] Restarting threads
2017/09/16 14:56:54 [UDPSerialThread_TTL-2] [INFO] Starting thread
2017/09/16 14:56:54 [UDPSerialThread_TTL-1] [INFO] Starting thread
2017/09/16 14:56:54 [UDPSerialThread_TTL-2] [ERROR] open /dev/ttyUSB1: no such file or directory
2017/09/16 14:56:54 [UDPSerialThread_TTL-2] [INFO] Starting thread
2017/09/16 14:56:54 [UDPSerialThread_TTL-2] [ERROR] open /dev/ttyUSB1: no such file or directory
2017/09/16 14:56:54 [UDPSerialThread_TTL-1] [INFO] Opened /dev/ttyUSB0
2017/09/16 14:56:54 [UDPSerialThread_TTL-1] [INFO] Listening on :5000
2017/09/16 14:56:54 [UDPSerialThread_TTL-1] [INFO] Sending to 192.168.1.17:5000
2017/09/16 14:56:55 [UDPSerialThread_TTL-2] [INFO] Starting thread
2017/09/16 14:56:55 [UDPSerialThread_TTL-2] [ERROR] open /dev/ttyUSB1: no such file or directory
2017/09/16 14:56:56 [UDPSerialThread_TTL-2] [INFO] Starting thread
2017/09/16 14:56:56 [UDPSerialThread_TTL-2] [ERROR] open /dev/ttyUSB1: no such file or directory
2017/09/16 14:56:57 [UDPSerialThread_TTL-2] [INFO] Starting thread
2017/09/16 14:56:57 [UDPSerialThread_TTL-2] [ERROR] open /dev/ttyUSB1: no such file or directory
2017/09/16 14:56:58 [UDPSerialThread_TTL-2] [INFO] Starting thread
2017/09/16 14:56:58 [UDPSerialThread_TTL-2] [ERROR] open /dev/ttyUSB1: no such file or directory
